2017-12-20 13:00:51,881 - [INFO] - from org.nd4j.linalg.factory.Nd4jBackend in main
                
Loaded [CpuBackend] backend

2017-12-20 13:00:52,549 - [INFO] - from org.nd4j.nativeblas.NativeOpsHolder in main
                
Number of threads used for NativeOps: 2

2017-12-20 13:00:53,015 - [INFO] - from org.nd4j.nativeblas.Nd4jBlas in main
                
Number of threads used for BLAS: 2

2017-12-20 13:00:53,017 - [INFO] - from org.nd4j.linalg.api.ops.executioner.DefaultOpExecutioner in main
                
Backend used: [CPU]; OS: [Linux]

2017-12-20 13:00:53,018 - [INFO] - from org.nd4j.linalg.api.ops.executioner.DefaultOpExecutioner in main
                
Cores: [4]; Memory: [1,7GB];

2017-12-20 13:00:53,018 - [INFO] - from org.nd4j.linalg.api.ops.executioner.DefaultOpExecutioner in main
                
Blas vendor: [OPENBLAS]

2017-12-20 13:00:53,228 - [INFO] - from org.deeplearning4j.models.sequencevectors.SequenceVectors in main
                
Starting vocabulary building...

2017-12-20 13:00:57,874 - [INFO] - from org.deeplearning4j.models.word2vec.wordstore.VocabConstructor in main
                
Sequences checked: [9389], Current vocabulary size: [2914]; Sequences/sec: [2020,88];

2017-12-20 13:00:57,907 - [INFO] - from org.deeplearning4j.models.embeddings.loader.WordVectorSerializer in main
                
Projected memory use for model: [2,22 MB]

2017-12-20 13:00:57,954 - [INFO] - from org.deeplearning4j.models.embeddings.inmemory.InMemoryLookupTable in main
                
Initializing syn1...

2017-12-20 13:00:57,954 - [INFO] - from org.deeplearning4j.models.sequencevectors.SequenceVectors in main
                
Building learning algorithms:

2017-12-20 13:00:57,955 - [INFO] - from org.deeplearning4j.models.sequencevectors.SequenceVectors in main
                
          building ElementsLearningAlgorithm: [SkipGram]

2017-12-20 13:00:57,958 - [INFO] - from org.deeplearning4j.models.sequencevectors.SequenceVectors in main
                
Starting learning process...

2017-12-20 13:01:04,266 - [INFO] - from org.deeplearning4j.models.sequencevectors.SequenceVectors in main
                
Epoch [1] finished; Elements processed so far: [206330];  Sequences processed: [9381]

2017-12-20 13:01:04,267 - [INFO] - from org.deeplearning4j.models.sequencevectors.SequenceVectors in main
                
Time spent on training: 6309 ms

2017-12-20 13:04:16,781 - [INFO] - from org.nd4j.linalg.factory.Nd4jBackend in main
                
Loaded [CpuBackend] backend

2017-12-20 13:04:18,007 - [INFO] - from org.nd4j.nativeblas.NativeOpsHolder in main
                
Number of threads used for NativeOps: 2

2017-12-20 13:04:18,383 - [INFO] - from org.nd4j.nativeblas.Nd4jBlas in main
                
Number of threads used for BLAS: 2

2017-12-20 13:04:18,385 - [INFO] - from org.nd4j.linalg.api.ops.executioner.DefaultOpExecutioner in main
                
Backend used: [CPU]; OS: [Linux]

2017-12-20 13:04:18,386 - [INFO] - from org.nd4j.linalg.api.ops.executioner.DefaultOpExecutioner in main
                
Cores: [4]; Memory: [1,7GB];

2017-12-20 13:04:18,386 - [INFO] - from org.nd4j.linalg.api.ops.executioner.DefaultOpExecutioner in main
                
Blas vendor: [OPENBLAS]

2017-12-20 13:04:18,584 - [INFO] - from org.deeplearning4j.models.sequencevectors.SequenceVectors in main
                
Starting vocabulary building...

2017-12-20 13:04:23,189 - [INFO] - from org.deeplearning4j.models.word2vec.wordstore.VocabConstructor in main
                
Sequences checked: [9389], Current vocabulary size: [2914]; Sequences/sec: [2039,31];

2017-12-20 13:04:23,220 - [INFO] - from org.deeplearning4j.models.embeddings.loader.WordVectorSerializer in main
                
Projected memory use for model: [2,22 MB]

2017-12-20 13:04:23,264 - [INFO] - from org.deeplearning4j.models.embeddings.inmemory.InMemoryLookupTable in main
                
Initializing syn1...

2017-12-20 13:04:23,265 - [INFO] - from org.deeplearning4j.models.sequencevectors.SequenceVectors in main
                
Building learning algorithms:

2017-12-20 13:04:23,265 - [INFO] - from org.deeplearning4j.models.sequencevectors.SequenceVectors in main
                
          building ElementsLearningAlgorithm: [SkipGram]

2017-12-20 13:04:23,269 - [INFO] - from org.deeplearning4j.models.sequencevectors.SequenceVectors in main
                
Starting learning process...

2017-12-20 13:04:58,506 - [INFO] - from org.nd4j.linalg.factory.Nd4jBackend in main
                
Loaded [CpuBackend] backend

2017-12-20 13:04:59,707 - [INFO] - from org.nd4j.nativeblas.NativeOpsHolder in main
                
Number of threads used for NativeOps: 2

2017-12-20 13:05:00,047 - [INFO] - from org.nd4j.nativeblas.Nd4jBlas in main
                
Number of threads used for BLAS: 2

2017-12-20 13:05:00,055 - [INFO] - from org.nd4j.linalg.api.ops.executioner.DefaultOpExecutioner in main
                
Backend used: [CPU]; OS: [Linux]

2017-12-20 13:05:00,055 - [INFO] - from org.nd4j.linalg.api.ops.executioner.DefaultOpExecutioner in main
                
Cores: [4]; Memory: [1,7GB];

2017-12-20 13:05:00,055 - [INFO] - from org.nd4j.linalg.api.ops.executioner.DefaultOpExecutioner in main
                
Blas vendor: [OPENBLAS]

2017-12-20 13:05:00,276 - [INFO] - from org.deeplearning4j.models.sequencevectors.SequenceVectors in main
                
Starting vocabulary building...

2017-12-20 13:05:04,868 - [INFO] - from org.deeplearning4j.models.word2vec.wordstore.VocabConstructor in main
                
Sequences checked: [9389], Current vocabulary size: [2914]; Sequences/sec: [2045,53];

2017-12-20 13:05:04,882 - [INFO] - from org.deeplearning4j.models.embeddings.loader.WordVectorSerializer in main
                
Projected memory use for model: [2,22 MB]

2017-12-20 13:05:04,935 - [INFO] - from org.deeplearning4j.models.embeddings.inmemory.InMemoryLookupTable in main
                
Initializing syn1...

2017-12-20 13:05:04,936 - [INFO] - from org.deeplearning4j.models.sequencevectors.SequenceVectors in main
                
Building learning algorithms:

2017-12-20 13:05:04,936 - [INFO] - from org.deeplearning4j.models.sequencevectors.SequenceVectors in main
                
          building ElementsLearningAlgorithm: [SkipGram]

2017-12-20 13:05:04,940 - [INFO] - from org.deeplearning4j.models.sequencevectors.SequenceVectors in main
                
Starting learning process...

2017-12-20 13:05:10,550 - [INFO] - from org.deeplearning4j.models.sequencevectors.SequenceVectors in main
                
Epoch [1] finished; Elements processed so far: [206330];  Sequences processed: [9381]

2017-12-20 13:05:10,551 - [INFO] - from org.deeplearning4j.models.sequencevectors.SequenceVectors in main
                
Time spent on training: 5610 ms

2017-12-20 13:07:42,099 - [INFO] - from org.nd4j.linalg.factory.Nd4jBackend in main
                
Loaded [CpuBackend] backend

2017-12-20 13:07:43,313 - [INFO] - from org.nd4j.nativeblas.NativeOpsHolder in main
                
Number of threads used for NativeOps: 2

2017-12-20 13:07:43,635 - [INFO] - from org.nd4j.nativeblas.Nd4jBlas in main
                
Number of threads used for BLAS: 2

2017-12-20 13:07:43,637 - [INFO] - from org.nd4j.linalg.api.ops.executioner.DefaultOpExecutioner in main
                
Backend used: [CPU]; OS: [Linux]

2017-12-20 13:07:43,641 - [INFO] - from org.nd4j.linalg.api.ops.executioner.DefaultOpExecutioner in main
                
Cores: [4]; Memory: [1,7GB];

2017-12-20 13:07:43,642 - [INFO] - from org.nd4j.linalg.api.ops.executioner.DefaultOpExecutioner in main
                
Blas vendor: [OPENBLAS]

2017-12-20 13:07:43,826 - [INFO] - from org.deeplearning4j.models.sequencevectors.SequenceVectors in main
                
Starting vocabulary building...

2017-12-20 13:07:48,400 - [INFO] - from org.deeplearning4j.models.word2vec.wordstore.VocabConstructor in main
                
Sequences checked: [9389], Current vocabulary size: [2914]; Sequences/sec: [2053,14];

2017-12-20 13:07:48,418 - [INFO] - from org.deeplearning4j.models.embeddings.loader.WordVectorSerializer in main
                
Projected memory use for model: [2,22 MB]

2017-12-20 13:07:48,461 - [INFO] - from org.deeplearning4j.models.embeddings.inmemory.InMemoryLookupTable in main
                
Initializing syn1...

2017-12-20 13:07:48,462 - [INFO] - from org.deeplearning4j.models.sequencevectors.SequenceVectors in main
                
Building learning algorithms:

2017-12-20 13:07:48,462 - [INFO] - from org.deeplearning4j.models.sequencevectors.SequenceVectors in main
                
          building ElementsLearningAlgorithm: [SkipGram]

2017-12-20 13:07:48,466 - [INFO] - from org.deeplearning4j.models.sequencevectors.SequenceVectors in main
                
Starting learning process...

2017-12-20 13:08:26,336 - [INFO] - from org.nd4j.linalg.factory.Nd4jBackend in main
                
Loaded [CpuBackend] backend

2017-12-20 13:08:26,908 - [INFO] - from org.nd4j.nativeblas.NativeOpsHolder in main
                
Number of threads used for NativeOps: 2

2017-12-20 13:08:27,279 - [INFO] - from org.nd4j.nativeblas.Nd4jBlas in main
                
Number of threads used for BLAS: 2

2017-12-20 13:08:27,282 - [INFO] - from org.nd4j.linalg.api.ops.executioner.DefaultOpExecutioner in main
                
Backend used: [CPU]; OS: [Linux]

2017-12-20 13:08:27,286 - [INFO] - from org.nd4j.linalg.api.ops.executioner.DefaultOpExecutioner in main
                
Cores: [4]; Memory: [1,7GB];

2017-12-20 13:08:27,287 - [INFO] - from org.nd4j.linalg.api.ops.executioner.DefaultOpExecutioner in main
                
Blas vendor: [OPENBLAS]

2017-12-20 13:08:27,559 - [INFO] - from org.deeplearning4j.models.sequencevectors.SequenceVectors in main
                
Starting vocabulary building...

2017-12-20 13:08:32,130 - [INFO] - from org.deeplearning4j.models.word2vec.wordstore.VocabConstructor in main
                
Sequences checked: [9389], Current vocabulary size: [2914]; Sequences/sec: [2054,04];

2017-12-20 13:08:32,146 - [INFO] - from org.deeplearning4j.models.embeddings.loader.WordVectorSerializer in main
                
Projected memory use for model: [2,22 MB]

2017-12-20 13:08:32,189 - [INFO] - from org.deeplearning4j.models.embeddings.inmemory.InMemoryLookupTable in main
                
Initializing syn1...

2017-12-20 13:08:32,190 - [INFO] - from org.deeplearning4j.models.sequencevectors.SequenceVectors in main
                
Building learning algorithms:

2017-12-20 13:08:32,190 - [INFO] - from org.deeplearning4j.models.sequencevectors.SequenceVectors in main
                
          building ElementsLearningAlgorithm: [SkipGram]

2017-12-20 13:08:32,194 - [INFO] - from org.deeplearning4j.models.sequencevectors.SequenceVectors in main
                
Starting learning process...

2017-12-20 13:08:37,624 - [INFO] - from org.deeplearning4j.models.sequencevectors.SequenceVectors in main
                
Epoch [1] finished; Elements processed so far: [206330];  Sequences processed: [9381]

2017-12-20 13:08:37,625 - [INFO] - from org.deeplearning4j.models.sequencevectors.SequenceVectors in main
                
Time spent on training: 5431 ms

2017-12-20 13:11:21,300 - [INFO] - from org.nd4j.linalg.factory.Nd4jBackend in main
                
Loaded [CpuBackend] backend

2017-12-20 13:11:22,476 - [INFO] - from org.nd4j.nativeblas.NativeOpsHolder in main
                
Number of threads used for NativeOps: 2

2017-12-20 13:11:22,828 - [INFO] - from org.nd4j.nativeblas.Nd4jBlas in main
                
Number of threads used for BLAS: 2

2017-12-20 13:11:22,829 - [INFO] - from org.nd4j.linalg.api.ops.executioner.DefaultOpExecutioner in main
                
Backend used: [CPU]; OS: [Linux]

2017-12-20 13:11:22,834 - [INFO] - from org.nd4j.linalg.api.ops.executioner.DefaultOpExecutioner in main
                
Cores: [4]; Memory: [1,7GB];

2017-12-20 13:11:22,834 - [INFO] - from org.nd4j.linalg.api.ops.executioner.DefaultOpExecutioner in main
                
Blas vendor: [OPENBLAS]

2017-12-20 13:11:23,030 - [INFO] - from org.deeplearning4j.models.sequencevectors.SequenceVectors in main
                
Starting vocabulary building...

2017-12-20 13:11:27,635 - [INFO] - from org.deeplearning4j.models.word2vec.wordstore.VocabConstructor in main
                
Sequences checked: [9389], Current vocabulary size: [2914]; Sequences/sec: [2039,31];

2017-12-20 13:11:27,646 - [INFO] - from org.deeplearning4j.models.embeddings.loader.WordVectorSerializer in main
                
Projected memory use for model: [2,22 MB]

2017-12-20 13:11:27,689 - [INFO] - from org.deeplearning4j.models.embeddings.inmemory.InMemoryLookupTable in main
                
Initializing syn1...

2017-12-20 13:11:27,689 - [INFO] - from org.deeplearning4j.models.sequencevectors.SequenceVectors in main
                
Building learning algorithms:

2017-12-20 13:11:27,690 - [INFO] - from org.deeplearning4j.models.sequencevectors.SequenceVectors in main
                
          building ElementsLearningAlgorithm: [SkipGram]

2017-12-20 13:11:27,693 - [INFO] - from org.deeplearning4j.models.sequencevectors.SequenceVectors in main
                
Starting learning process...

2017-12-20 13:11:33,682 - [INFO] - from org.deeplearning4j.models.sequencevectors.SequenceVectors in main
                
Epoch [1] finished; Elements processed so far: [206330];  Sequences processed: [9381]

2017-12-20 13:11:33,682 - [INFO] - from org.deeplearning4j.models.sequencevectors.SequenceVectors in main
                
Time spent on training: 5988 ms

2017-12-20 13:12:19,279 - [INFO] - from org.nd4j.linalg.factory.Nd4jBackend in main
                
Loaded [CpuBackend] backend

2017-12-20 13:12:20,528 - [INFO] - from org.nd4j.nativeblas.NativeOpsHolder in main
                
Number of threads used for NativeOps: 2

2017-12-20 13:12:20,874 - [INFO] - from org.nd4j.nativeblas.Nd4jBlas in main
                
Number of threads used for BLAS: 2

2017-12-20 13:12:20,876 - [INFO] - from org.nd4j.linalg.api.ops.executioner.DefaultOpExecutioner in main
                
Backend used: [CPU]; OS: [Linux]

2017-12-20 13:12:20,880 - [INFO] - from org.nd4j.linalg.api.ops.executioner.DefaultOpExecutioner in main
                
Cores: [4]; Memory: [1,7GB];

2017-12-20 13:12:20,880 - [INFO] - from org.nd4j.linalg.api.ops.executioner.DefaultOpExecutioner in main
                
Blas vendor: [OPENBLAS]

2017-12-20 13:12:21,098 - [INFO] - from org.deeplearning4j.models.sequencevectors.SequenceVectors in main
                
Starting vocabulary building...

2017-12-20 13:12:25,584 - [INFO] - from org.deeplearning4j.models.word2vec.wordstore.VocabConstructor in main
                
Sequences checked: [9389], Current vocabulary size: [2914]; Sequences/sec: [2093,42];

2017-12-20 13:12:25,597 - [INFO] - from org.deeplearning4j.models.embeddings.loader.WordVectorSerializer in main
                
Projected memory use for model: [2,22 MB]

2017-12-20 13:12:25,639 - [INFO] - from org.deeplearning4j.models.embeddings.inmemory.InMemoryLookupTable in main
                
Initializing syn1...

2017-12-20 13:12:25,639 - [INFO] - from org.deeplearning4j.models.sequencevectors.SequenceVectors in main
                
Building learning algorithms:

2017-12-20 13:12:25,639 - [INFO] - from org.deeplearning4j.models.sequencevectors.SequenceVectors in main
                
          building ElementsLearningAlgorithm: [SkipGram]

2017-12-20 13:12:25,643 - [INFO] - from org.deeplearning4j.models.sequencevectors.SequenceVectors in main
                
Starting learning process...

2017-12-20 13:12:56,700 - [INFO] - from org.nd4j.linalg.factory.Nd4jBackend in main
                
Loaded [CpuBackend] backend

2017-12-20 13:12:57,904 - [INFO] - from org.nd4j.nativeblas.NativeOpsHolder in main
                
Number of threads used for NativeOps: 2

2017-12-20 13:12:58,287 - [INFO] - from org.nd4j.nativeblas.Nd4jBlas in main
                
Number of threads used for BLAS: 2

2017-12-20 13:12:58,290 - [INFO] - from org.nd4j.linalg.api.ops.executioner.DefaultOpExecutioner in main
                
Backend used: [CPU]; OS: [Linux]

2017-12-20 13:12:58,295 - [INFO] - from org.nd4j.linalg.api.ops.executioner.DefaultOpExecutioner in main
                
Cores: [4]; Memory: [1,7GB];

2017-12-20 13:12:58,296 - [INFO] - from org.nd4j.linalg.api.ops.executioner.DefaultOpExecutioner in main
                
Blas vendor: [OPENBLAS]

2017-12-20 13:12:58,533 - [INFO] - from org.deeplearning4j.models.sequencevectors.SequenceVectors in main
                
Starting vocabulary building...

2017-12-20 13:13:03,126 - [INFO] - from org.deeplearning4j.models.word2vec.wordstore.VocabConstructor in main
                
Sequences checked: [9389], Current vocabulary size: [2914]; Sequences/sec: [2044,64];

2017-12-20 13:13:03,142 - [INFO] - from org.deeplearning4j.models.embeddings.loader.WordVectorSerializer in main
                
Projected memory use for model: [2,22 MB]

2017-12-20 13:13:03,184 - [INFO] - from org.deeplearning4j.models.embeddings.inmemory.InMemoryLookupTable in main
                
Initializing syn1...

2017-12-20 13:13:03,185 - [INFO] - from org.deeplearning4j.models.sequencevectors.SequenceVectors in main
                
Building learning algorithms:

2017-12-20 13:13:03,185 - [INFO] - from org.deeplearning4j.models.sequencevectors.SequenceVectors in main
                
          building ElementsLearningAlgorithm: [SkipGram]

2017-12-20 13:13:03,189 - [INFO] - from org.deeplearning4j.models.sequencevectors.SequenceVectors in main
                
Starting learning process...

2017-12-20 13:13:09,211 - [INFO] - from org.deeplearning4j.models.sequencevectors.SequenceVectors in main
                
Epoch [1] finished; Elements processed so far: [206330];  Sequences processed: [9381]

2017-12-20 13:13:09,211 - [INFO] - from org.deeplearning4j.models.sequencevectors.SequenceVectors in main
                
Time spent on training: 6022 ms

2017-12-20 15:58:21,405 - [INFO] - from org.nd4j.linalg.factory.Nd4jBackend in main
                
Loaded [CpuBackend] backend

2017-12-20 15:58:22,845 - [INFO] - from org.nd4j.nativeblas.NativeOpsHolder in main
                
Number of threads used for NativeOps: 2

2017-12-20 15:58:23,240 - [INFO] - from org.nd4j.nativeblas.Nd4jBlas in main
                
Number of threads used for BLAS: 2

2017-12-20 15:58:23,243 - [INFO] - from org.nd4j.linalg.api.ops.executioner.DefaultOpExecutioner in main
                
Backend used: [CPU]; OS: [Linux]

2017-12-20 15:58:23,243 - [INFO] - from org.nd4j.linalg.api.ops.executioner.DefaultOpExecutioner in main
                
Cores: [4]; Memory: [1,7GB];

2017-12-20 15:58:23,244 - [INFO] - from org.nd4j.linalg.api.ops.executioner.DefaultOpExecutioner in main
                
Blas vendor: [OPENBLAS]

2017-12-20 15:58:23,708 - [INFO] - from org.deeplearning4j.models.sequencevectors.SequenceVectors in main
                
Starting vocabulary building...

2017-12-20 15:58:28,381 - [INFO] - from org.deeplearning4j.models.word2vec.wordstore.VocabConstructor in main
                
Sequences checked: [9389], Current vocabulary size: [2914]; Sequences/sec: [2010,06];

2017-12-20 15:58:28,412 - [INFO] - from org.deeplearning4j.models.embeddings.loader.WordVectorSerializer in main
                
Projected memory use for model: [2,22 MB]

2017-12-20 15:58:28,460 - [INFO] - from org.deeplearning4j.models.embeddings.inmemory.InMemoryLookupTable in main
                
Initializing syn1...

2017-12-20 15:58:28,461 - [INFO] - from org.deeplearning4j.models.sequencevectors.SequenceVectors in main
                
Building learning algorithms:

2017-12-20 15:58:28,461 - [INFO] - from org.deeplearning4j.models.sequencevectors.SequenceVectors in main
                
          building ElementsLearningAlgorithm: [SkipGram]

2017-12-20 15:58:28,465 - [INFO] - from org.deeplearning4j.models.sequencevectors.SequenceVectors in main
                
Starting learning process...

2017-12-20 16:10:18,723 - [INFO] - from org.nd4j.linalg.factory.Nd4jBackend in main
                
Loaded [CpuBackend] backend

2017-12-20 16:10:19,355 - [INFO] - from org.nd4j.nativeblas.NativeOpsHolder in main
                
Number of threads used for NativeOps: 2

2017-12-20 16:10:19,737 - [INFO] - from org.nd4j.nativeblas.Nd4jBlas in main
                
Number of threads used for BLAS: 2

2017-12-20 16:10:19,739 - [INFO] - from org.nd4j.linalg.api.ops.executioner.DefaultOpExecutioner in main
                
Backend used: [CPU]; OS: [Linux]

2017-12-20 16:10:19,744 - [INFO] - from org.nd4j.linalg.api.ops.executioner.DefaultOpExecutioner in main
                
Cores: [4]; Memory: [1,7GB];

2017-12-20 16:10:19,745 - [INFO] - from org.nd4j.linalg.api.ops.executioner.DefaultOpExecutioner in main
                
Blas vendor: [OPENBLAS]

2017-12-20 16:10:19,964 - [INFO] - from org.deeplearning4j.models.sequencevectors.SequenceVectors in main
                
Starting vocabulary building...

2017-12-20 16:10:24,497 - [INFO] - from org.deeplearning4j.models.word2vec.wordstore.VocabConstructor in main
                
Sequences checked: [9389], Current vocabulary size: [2914]; Sequences/sec: [2072,17];

2017-12-20 16:10:24,526 - [INFO] - from org.deeplearning4j.models.embeddings.loader.WordVectorSerializer in main
                
Projected memory use for model: [2,22 MB]

2017-12-20 16:10:24,570 - [INFO] - from org.deeplearning4j.models.embeddings.inmemory.InMemoryLookupTable in main
                
Initializing syn1...

2017-12-20 16:10:24,571 - [INFO] - from org.deeplearning4j.models.sequencevectors.SequenceVectors in main
                
Building learning algorithms:

2017-12-20 16:10:24,571 - [INFO] - from org.deeplearning4j.models.sequencevectors.SequenceVectors in main
                
          building ElementsLearningAlgorithm: [SkipGram]

2017-12-20 16:10:24,575 - [INFO] - from org.deeplearning4j.models.sequencevectors.SequenceVectors in main
                
Starting learning process...

2017-12-20 16:10:31,371 - [INFO] - from org.deeplearning4j.models.sequencevectors.SequenceVectors in main
                
Epoch [1] finished; Elements processed so far: [206330];  Sequences processed: [9381]

2017-12-20 16:10:31,372 - [INFO] - from org.deeplearning4j.models.sequencevectors.SequenceVectors in main
                
Time spent on training: 6796 ms

2017-12-20 16:11:22,776 - [INFO] - from org.nd4j.linalg.factory.Nd4jBackend in main
                
Loaded [CpuBackend] backend

2017-12-20 16:11:23,843 - [INFO] - from org.nd4j.nativeblas.NativeOpsHolder in main
                
Number of threads used for NativeOps: 2

2017-12-20 16:11:24,171 - [INFO] - from org.nd4j.nativeblas.Nd4jBlas in main
                
Number of threads used for BLAS: 2

2017-12-20 16:11:24,173 - [INFO] - from org.nd4j.linalg.api.ops.executioner.DefaultOpExecutioner in main
                
Backend used: [CPU]; OS: [Linux]

2017-12-20 16:11:24,180 - [INFO] - from org.nd4j.linalg.api.ops.executioner.DefaultOpExecutioner in main
                
Cores: [4]; Memory: [1,7GB];

2017-12-20 16:11:24,181 - [INFO] - from org.nd4j.linalg.api.ops.executioner.DefaultOpExecutioner in main
                
Blas vendor: [OPENBLAS]

2017-12-20 16:11:24,421 - [INFO] - from org.deeplearning4j.models.sequencevectors.SequenceVectors in main
                
Starting vocabulary building...

2017-12-20 16:11:29,000 - [INFO] - from org.deeplearning4j.models.word2vec.wordstore.VocabConstructor in main
                
Sequences checked: [9389], Current vocabulary size: [2914]; Sequences/sec: [2052,24];

2017-12-20 16:11:29,016 - [INFO] - from org.deeplearning4j.models.embeddings.loader.WordVectorSerializer in main
                
Projected memory use for model: [2,22 MB]

2017-12-20 16:11:29,058 - [INFO] - from org.deeplearning4j.models.embeddings.inmemory.InMemoryLookupTable in main
                
Initializing syn1...

2017-12-20 16:11:29,059 - [INFO] - from org.deeplearning4j.models.sequencevectors.SequenceVectors in main
                
Building learning algorithms:

2017-12-20 16:11:29,059 - [INFO] - from org.deeplearning4j.models.sequencevectors.SequenceVectors in main
                
          building ElementsLearningAlgorithm: [SkipGram]

2017-12-20 16:11:29,063 - [INFO] - from org.deeplearning4j.models.sequencevectors.SequenceVectors in main
                
Starting learning process...

2017-12-20 16:11:35,703 - [INFO] - from org.deeplearning4j.models.sequencevectors.SequenceVectors in main
                
Epoch [1] finished; Elements processed so far: [206330];  Sequences processed: [9381]

2017-12-20 16:11:35,703 - [INFO] - from org.deeplearning4j.models.sequencevectors.SequenceVectors in main
                
Time spent on training: 6640 ms

2017-12-20 16:14:34,254 - [INFO] - from org.nd4j.linalg.factory.Nd4jBackend in main
                
Loaded [CpuBackend] backend

2017-12-20 16:14:34,832 - [INFO] - from org.nd4j.nativeblas.NativeOpsHolder in main
                
Number of threads used for NativeOps: 2

2017-12-20 16:14:35,184 - [INFO] - from org.nd4j.nativeblas.Nd4jBlas in main
                
Number of threads used for BLAS: 2

2017-12-20 16:14:35,187 - [INFO] - from org.nd4j.linalg.api.ops.executioner.DefaultOpExecutioner in main
                
Backend used: [CPU]; OS: [Linux]

2017-12-20 16:14:35,187 - [INFO] - from org.nd4j.linalg.api.ops.executioner.DefaultOpExecutioner in main
                
Cores: [4]; Memory: [1,7GB];

2017-12-20 16:14:35,187 - [INFO] - from org.nd4j.linalg.api.ops.executioner.DefaultOpExecutioner in main
                
Blas vendor: [OPENBLAS]

2017-12-20 16:14:35,447 - [INFO] - from org.deeplearning4j.models.sequencevectors.SequenceVectors in main
                
Starting vocabulary building...

2017-12-20 16:14:40,041 - [INFO] - from org.deeplearning4j.models.word2vec.wordstore.VocabConstructor in main
                
Sequences checked: [9389], Current vocabulary size: [2914]; Sequences/sec: [2043,75];

2017-12-20 16:14:40,057 - [INFO] - from org.deeplearning4j.models.embeddings.loader.WordVectorSerializer in main
                
Projected memory use for model: [2,22 MB]

2017-12-20 16:14:40,099 - [INFO] - from org.deeplearning4j.models.embeddings.inmemory.InMemoryLookupTable in main
                
Initializing syn1...

2017-12-20 16:14:40,100 - [INFO] - from org.deeplearning4j.models.sequencevectors.SequenceVectors in main
                
Building learning algorithms:

2017-12-20 16:14:40,100 - [INFO] - from org.deeplearning4j.models.sequencevectors.SequenceVectors in main
                
          building ElementsLearningAlgorithm: [SkipGram]

2017-12-20 16:14:40,104 - [INFO] - from org.deeplearning4j.models.sequencevectors.SequenceVectors in main
                
Starting learning process...

2017-12-20 16:14:45,976 - [INFO] - from org.deeplearning4j.models.sequencevectors.SequenceVectors in main
                
Epoch [1] finished; Elements processed so far: [206330];  Sequences processed: [9381]

2017-12-20 16:14:45,977 - [INFO] - from org.deeplearning4j.models.sequencevectors.SequenceVectors in main
                
Time spent on training: 5873 ms

